TN:
SF:index.js
FN:10,(anonymous_0)
FNF:1
FNH:1
FNDA:8,(anonymous_0)
DA:1,8
DA:3,8
DA:4,8
DA:5,8
DA:7,8
DA:8,8
DA:10,8
DA:12,8
DA:24,8
DA:25,8
DA:26,8
DA:28,8
DA:29,8
DA:31,8
DA:33,8
DA:34,0
DA:37,8
DA:38,8
DA:39,8
LF:19
LH:18
BRDA:33,0,0,0
BRDA:33,0,1,8
BRF:2
BRH:1
end_of_record
TN:
SF:lib/auth.js
FN:1,setupAuth
FN:2,create
FN:12,find
FNF:3
FNH:3
FNDA:8,setupAuth
FNDA:1,create
FNDA:1,find
DA:1,2
DA:3,1
DA:4,1
DA:5,1
DA:6,1
DA:7,1
DA:9,0
DA:13,1
DA:19,1
DA:21,8
LF:10
LH:9
BRDA:4,0,0,1
BRDA:4,0,1,0
BRF:2
BRH:1
end_of_record
TN:
SF:lib/db.js
FN:5,setupDatabase
FNF:1
FNH:1
FNDA:8,setupDatabase
DA:1,2
DA:3,2
DA:5,2
DA:6,8
DA:7,2
DA:10,8
LF:6
LH:6
BRDA:6,0,0,2
BRDA:6,0,1,6
BRF:2
BRH:2
end_of_record
TN:
SF:lib/user.js
FN:1,setupUser
FN:2,createOrUpdate
FN:19,findById
FNF:3
FNH:3
FNDA:8,setupUser
FNDA:1,createOrUpdate
FNDA:1,findById
DA:1,2
DA:3,1
DA:9,1
DA:10,1
DA:11,1
DA:12,1
DA:15,0
DA:16,0
DA:20,1
DA:23,8
LF:10
LH:8
BRDA:10,0,0,1
BRDA:10,0,1,0
BRDA:12,1,0,1
BRDA:12,1,1,0
BRF:4
BRH:2
end_of_record
TN:
SF:models/auth.js
FN:5,setupAuthModel
FNF:1
FNH:0
FNDA:0,setupAuthModel
DA:1,2
DA:3,2
DA:5,2
DA:6,0
DA:8,0
LF:5
LH:3
BRF:0
BRH:0
end_of_record
TN:
SF:models/user.js
FN:5,setupUserModel
FNF:1
FNH:0
FNDA:0,setupUserModel
DA:1,2
DA:3,2
DA:5,2
DA:6,0
DA:8,0
LF:5
LH:3
BRF:0
BRH:0
end_of_record
